2025-03-13 22:21:09 | INFO | BEGIN (implicit)
2025-03-13 22:21:09 | INFO | SELECT users.id, users.username, users._password, users.email, users.is_active, users.group_id 
FROM users 
WHERE users.username = ?
2025-03-13 22:21:09 | INFO | [generated in 0.00021s] ('admin',)
2025-03-13 22:21:09 | INFO | SQL Query: SELECT users.id, users.username, users._password, users.email, users.is_active, users.group_id 
FROM users 
WHERE users.username = ? | Params: ('admin',) | Execution Time: 0.00108s
2025-03-13 22:21:09 | INFO | SELECT roles.id AS roles_id, roles.name AS roles_name, roles."default" AS roles_default, roles.permissions AS roles_permissions 
FROM roles, roles_users 
WHERE ? = roles_users.user_id AND roles.id = roles_users.role_id
2025-03-13 22:21:09 | INFO | [generated in 0.00016s] (1,)
2025-03-13 22:21:09 | INFO | SQL Query: SELECT roles.id AS roles_id, roles.name AS roles_name, roles."default" AS roles_default, roles.permissions AS roles_permissions 
FROM roles, roles_users 
WHERE ? = roles_users.user_id AND roles.id = roles_users.role_id | Params: (1,) | Execution Time: 0.00085s
2025-03-13 22:21:09 | INFO | ROLLBACK
2025-03-13 22:21:26 | INFO | BEGIN (implicit)
2025-03-13 22:21:26 | INFO | SELECT users.id, users.username, users._password, users.email, users.is_active, users.group_id 
FROM users 
WHERE users.username = ?
2025-03-13 22:21:26 | INFO | [cached since 16.71s ago] ('test1',)
2025-03-13 22:21:26 | INFO | SQL Query: SELECT users.id, users.username, users._password, users.email, users.is_active, users.group_id 
FROM users 
WHERE users.username = ? | Params: ('test1',) | Execution Time: 0.00045s
2025-03-13 22:21:26 | INFO | SELECT roles.id AS roles_id, roles.name AS roles_name, roles."default" AS roles_default, roles.permissions AS roles_permissions 
FROM roles, roles_users 
WHERE ? = roles_users.user_id AND roles.id = roles_users.role_id
2025-03-13 22:21:26 | INFO | [cached since 16.7s ago] (2,)
2025-03-13 22:21:26 | INFO | SQL Query: SELECT roles.id AS roles_id, roles.name AS roles_name, roles."default" AS roles_default, roles.permissions AS roles_permissions 
FROM roles, roles_users 
WHERE ? = roles_users.user_id AND roles.id = roles_users.role_id | Params: (2,) | Execution Time: 0.00011s
2025-03-13 22:21:26 | INFO | SELECT group_users.id AS group_users_id, group_users.name AS group_users_name 
FROM group_users 
WHERE group_users.id = ?
2025-03-13 22:21:26 | INFO | [generated in 0.00006s] (1,)
2025-03-13 22:21:26 | INFO | SQL Query: SELECT group_users.id AS group_users_id, group_users.name AS group_users_name 
FROM group_users 
WHERE group_users.id = ? | Params: (1,) | Execution Time: 0.00051s
2025-03-13 22:21:26 | INFO | ROLLBACK
2025-03-13 22:22:14 | INFO | BEGIN (implicit)
2025-03-13 22:22:14 | INFO | SELECT blacklisted_tokens.id, blacklisted_tokens.jti, blacklisted_tokens.created_at 
FROM blacklisted_tokens 
WHERE blacklisted_tokens.jti = ?
2025-03-13 22:22:14 | INFO | [generated in 0.00008s] ('9f6168dd-f091-4707-8bc2-5d41a0d5754a',)
2025-03-13 22:22:14 | INFO | SQL Query: SELECT blacklisted_tokens.id, blacklisted_tokens.jti, blacklisted_tokens.created_at 
FROM blacklisted_tokens 
WHERE blacklisted_tokens.jti = ? | Params: ('9f6168dd-f091-4707-8bc2-5d41a0d5754a',) | Execution Time: 0.00046s
2025-03-13 22:22:14 | INFO | INSERT INTO anonymisations (footprint_file, shuffled_file, original_file, file_link, naive_attack, utility, status, name, is_published, group_id) VALUES (?, ?, ?, ?, ?, ?, ?, ?, ?, ?)
2025-03-13 22:22:14 | INFO | [generated in 0.00015s] ('/Users/quynhnguyen/Documents/Documents/Code/Dev_Practice/Flask/Privacy-Challenge-Platform/Privacy-Challenge-Platform/src/uploads/footprint/70f82acbf2c84fa3.', '/Users/quynhnguyen/Documents/Documents/Code/Dev_Practice/Flask/Privacy-Challenge-Platform/Privacy-Challenge-Platform/src/uploads/shuffled_file/86e7f7de7c7e4f6c', '/Users/quynhnguyen/Documents/Documents/Code/Dev_Practice/Flask/Privacy-Challenge-Platform/Privacy-Challenge-Platform/src/uploads/original_files/6335f2d9fa1e4047', '/Users/quynhnguyen/Documents/Documents/Code/Dev_Practice/Flask/Privacy-Challenge-Platform/Privacy-Challenge-Platform/src/uploads/anonym_file/aa46f2635b9c4aef', 0.0, 0.0, 'processing', 'ano_1', 0, 1)
2025-03-13 22:22:14 | INFO | SQL Query: INSERT INTO anonymisations (footprint_file, shuffled_file, original_file, file_link, naive_attack, utility, status, name, is_published, group_id) VALUES (?, ?, ?, ?, ?, ?, ?, ?, ?, ?) | Params: ('/Users/quynhnguyen/Documents/Documents/Code/Dev_Practice/Flask/Privacy-Challenge-Platform/Privacy-Challenge-Platform/src/uploads/footprint/70f82acbf2c84fa3.', '/Users/quynhnguyen/Documents/Documents/Code/Dev_Practice/Flask/Privacy-Challenge-Platform/Privacy-Challenge-Platform/src/uploads/shuffled_file/86e7f7de7c7e4f6c', '/Users/quynhnguyen/Documents/Documents/Code/Dev_Practice/Flask/Privacy-Challenge-Platform/Privacy-Challenge-Platform/src/uploads/original_files/6335f2d9fa1e4047', '/Users/quynhnguyen/Documents/Documents/Code/Dev_Practice/Flask/Privacy-Challenge-Platform/Privacy-Challenge-Platform/src/uploads/anonym_file/aa46f2635b9c4aef', 0.0, 0.0, 'processing', 'ano_1', 0, 1) | Execution Time: 0.00068s
2025-03-13 22:22:14 | INFO | COMMIT
2025-03-13 22:22:14 | INFO | BEGIN (implicit)
2025-03-13 22:22:14 | INFO | SELECT anonymisations.id AS anonymisations_id, anonymisations.footprint_file AS anonymisations_footprint_file, anonymisations.shuffled_file AS anonymisations_shuffled_file, anonymisations.original_file AS anonymisations_original_file, anonymisations.file_link AS anonymisations_file_link, anonymisations.naive_attack AS anonymisations_naive_attack, anonymisations.utility AS anonymisations_utility, anonymisations.status AS anonymisations_status, anonymisations.name AS anonymisations_name, anonymisations.is_published AS anonymisations_is_published, anonymisations.group_id AS anonymisations_group_id 
FROM anonymisations 
WHERE anonymisations.id = ?
2025-03-13 22:22:14 | INFO | [generated in 0.00006s] (3,)
2025-03-13 22:22:14 | INFO | SQL Query: SELECT anonymisations.id AS anonymisations_id, anonymisations.footprint_file AS anonymisations_footprint_file, anonymisations.shuffled_file AS anonymisations_shuffled_file, anonymisations.original_file AS anonymisations_original_file, anonymisations.file_link AS anonymisations_file_link, anonymisations.naive_attack AS anonymisations_naive_attack, anonymisations.utility AS anonymisations_utility, anonymisations.status AS anonymisations_status, anonymisations.name AS anonymisations_name, anonymisations.is_published AS anonymisations_is_published, anonymisations.group_id AS anonymisations_group_id 
FROM anonymisations 
WHERE anonymisations.id = ? | Params: (3,) | Execution Time: 0.00010s
2025-03-13 22:22:14 | INFO | ROLLBACK
2025-03-13 22:22:14 | INFO | BEGIN (implicit)
2025-03-13 22:22:14 | INFO | SELECT metrics.name, metrics.parameters 
FROM metrics 
WHERE metrics.is_selected = 1
2025-03-13 22:22:14 | INFO | [generated in 0.00017s] ()
2025-03-13 22:22:14 | INFO | SQL Query: SELECT metrics.name, metrics.parameters 
FROM metrics 
WHERE metrics.is_selected = 1 | Params: () | Execution Time: 0.00143s
2025-03-13 22:22:14 | INFO | SELECT aggregations.name 
FROM aggregations
2025-03-13 22:22:14 | INFO | [generated in 0.00013s] ()
2025-03-13 22:22:14 | INFO | SQL Query: SELECT aggregations.name 
FROM aggregations | Params: () | Execution Time: 0.00051s
2025-03-13 22:22:14 | INFO | ROLLBACK
2025-03-13 22:22:14 | INFO | BEGIN (implicit)
2025-03-13 22:22:14 | INFO | SELECT anonymisations.id AS anonymisations_id, anonymisations.footprint_file AS anonymisations_footprint_file, anonymisations.shuffled_file AS anonymisations_shuffled_file, anonymisations.original_file AS anonymisations_original_file, anonymisations.file_link AS anonymisations_file_link, anonymisations.naive_attack AS anonymisations_naive_attack, anonymisations.utility AS anonymisations_utility, anonymisations.status AS anonymisations_status, anonymisations.name AS anonymisations_name, anonymisations.is_published AS anonymisations_is_published, anonymisations.group_id AS anonymisations_group_id 
FROM anonymisations 
WHERE anonymisations.id = ?
2025-03-13 22:22:14 | INFO | [generated in 0.00007s] (3,)
2025-03-13 22:22:14 | INFO | SQL Query: SELECT anonymisations.id AS anonymisations_id, anonymisations.footprint_file AS anonymisations_footprint_file, anonymisations.shuffled_file AS anonymisations_shuffled_file, anonymisations.original_file AS anonymisations_original_file, anonymisations.file_link AS anonymisations_file_link, anonymisations.naive_attack AS anonymisations_naive_attack, anonymisations.utility AS anonymisations_utility, anonymisations.status AS anonymisations_status, anonymisations.name AS anonymisations_name, anonymisations.is_published AS anonymisations_is_published, anonymisations.group_id AS anonymisations_group_id 
FROM anonymisations 
WHERE anonymisations.id = ? | Params: (3,) | Execution Time: 0.00014s
2025-03-13 22:22:14 | INFO | UPDATE anonymisations SET naive_attack=?, utility=?, status=? WHERE anonymisations.id = ?
2025-03-13 22:22:14 | INFO | [generated in 0.00006s] (0.86, 0.6730855501004456, 'completed', 3)
2025-03-13 22:22:14 | INFO | SQL Query: UPDATE anonymisations SET naive_attack=?, utility=?, status=? WHERE anonymisations.id = ? | Params: (0.86, 0.6730855501004456, 'completed', 3) | Execution Time: 0.00024s
2025-03-13 22:22:14 | INFO | COMMIT
2025-03-13 22:22:41 | INFO | BEGIN (implicit)
2025-03-13 22:22:41 | INFO | SELECT blacklisted_tokens.id, blacklisted_tokens.jti, blacklisted_tokens.created_at 
FROM blacklisted_tokens 
WHERE blacklisted_tokens.jti = ?
2025-03-13 22:22:41 | INFO | [cached since 26.82s ago] ('9f6168dd-f091-4707-8bc2-5d41a0d5754a',)
2025-03-13 22:22:41 | INFO | SQL Query: SELECT blacklisted_tokens.id, blacklisted_tokens.jti, blacklisted_tokens.created_at 
FROM blacklisted_tokens 
WHERE blacklisted_tokens.jti = ? | Params: ('9f6168dd-f091-4707-8bc2-5d41a0d5754a',) | Execution Time: 0.00015s
2025-03-13 22:22:41 | INFO | SELECT anonymisations.id AS anonymisations_id, anonymisations.footprint_file AS anonymisations_footprint_file, anonymisations.shuffled_file AS anonymisations_shuffled_file, anonymisations.original_file AS anonymisations_original_file, anonymisations.file_link AS anonymisations_file_link, anonymisations.naive_attack AS anonymisations_naive_attack, anonymisations.utility AS anonymisations_utility, anonymisations.status AS anonymisations_status, anonymisations.name AS anonymisations_name, anonymisations.is_published AS anonymisations_is_published, anonymisations.group_id AS anonymisations_group_id 
FROM anonymisations 
WHERE anonymisations.id = ?
2025-03-13 22:22:41 | INFO | [cached since 26.8s ago] (3,)
2025-03-13 22:22:41 | INFO | SQL Query: SELECT anonymisations.id AS anonymisations_id, anonymisations.footprint_file AS anonymisations_footprint_file, anonymisations.shuffled_file AS anonymisations_shuffled_file, anonymisations.original_file AS anonymisations_original_file, anonymisations.file_link AS anonymisations_file_link, anonymisations.naive_attack AS anonymisations_naive_attack, anonymisations.utility AS anonymisations_utility, anonymisations.status AS anonymisations_status, anonymisations.name AS anonymisations_name, anonymisations.is_published AS anonymisations_is_published, anonymisations.group_id AS anonymisations_group_id 
FROM anonymisations 
WHERE anonymisations.id = ? | Params: (3,) | Execution Time: 0.00006s
2025-03-13 22:22:41 | INFO | ROLLBACK
2025-03-13 22:26:39 | INFO | BEGIN (implicit)
2025-03-13 22:26:39 | INFO | SELECT blacklisted_tokens.id, blacklisted_tokens.jti, blacklisted_tokens.created_at 
FROM blacklisted_tokens 
WHERE blacklisted_tokens.jti = ?
2025-03-13 22:26:39 | INFO | [generated in 0.00023s] ('4937b104-dab6-4e00-8558-908eeefdea04',)
2025-03-13 22:26:39 | INFO | SQL Query: SELECT blacklisted_tokens.id, blacklisted_tokens.jti, blacklisted_tokens.created_at 
FROM blacklisted_tokens 
WHERE blacklisted_tokens.jti = ? | Params: ('4937b104-dab6-4e00-8558-908eeefdea04',) | Execution Time: 0.00053s
2025-03-13 22:26:39 | INFO | ROLLBACK
